[debug] [2020-10-04T00:00:21.708Z] ----------------------------------------------------------------------
[debug] [2020-10-04T00:00:21.712Z] Command:       C:\Program Files\nodejs\node.exe C:\Users\ma2300\AppData\Roaming\npm\node_modules\firebase-tools\lib\bin\firebase.js init
[debug] [2020-10-04T00:00:21.714Z] CLI Version:   8.11.2
[debug] [2020-10-04T00:00:21.714Z] Platform:      win32
[debug] [2020-10-04T00:00:21.714Z] Node Version:  v10.15.0
[debug] [2020-10-04T00:00:21.717Z] Time:          Sat Oct 03 2020 20:00:21 GMT-0400 (Eastern Daylight Time)
[debug] [2020-10-04T00:00:21.717Z] ----------------------------------------------------------------------
[debug] [2020-10-04T00:00:21.717Z] 
[debug] [2020-10-04T00:00:21.735Z] > command requires scopes: ["email","openid","https://www.googleapis.com/auth/cloudplatformprojects.readonly","https://www.googleapis.com/auth/firebase","https://www.googleapis.com/auth/cloud-platform"]
[debug] [2020-10-04T00:00:21.735Z] > authorizing via signed-in user
[info] 
     ######## #### ########  ######## ########     ###     ######  ########
     ##        ##  ##     ## ##       ##     ##  ##   ##  ##       ##
     ######    ##  ########  ######   ########  #########  ######  ######
     ##        ##  ##    ##  ##       ##     ## ##     ##       ## ##
     ##       #### ##     ## ######## ########  ##     ##  ######  ########

You're about to initialize a Firebase project in this directory:

  C:\PrivateRepo\git-react-amazon-clone\react-amazon-clone

Before we get started, keep in mind:

  * You are currently outside your home directory

